[info]: indexing input file [0.8%]                                      ffms [info]: 640x360p 1:1 @ 500000/83333 fps (cfr)
x264 [warning]: VBV is incompatible with constant QP, ignored.
x264 [info]: using SAR=1/1
x264 [info]: using cpu capabilities: MMX2 SSE2Fast SSSE3 SSE4.2 AVX FMA3 BMI2 AVX2
x264 [info]: profile High 4:4:4 Predictive, level 2.2, 4:2:0 8-bit
[0.8%] 1/120 frames, 46.94 fps, 3299.09 kb/s, eta 0:00:02  [81.7%] 98/120 frames, 341.64 fps, 592.46 kb/s, eta 0:00:00                                                                                 x264 [info]: frame I:1     Avg QP: 0.00  size: 68167
x264 [info]: frame P:119   Avg QP: 0.00  size: 11722
x264 [info]: mb I  I16..4: 56.4%  0.0% 43.6%
x264 [info]: mb P  I16..4:  4.0%  0.0%  0.3%  P16..4: 22.3%  0.5%  0.5%  0.0%  0.0%    skip:72.4%
x264 [info]: 8x8 transform intra:0.0% inter:91.0%
x264 [info]: coded y,uvDC,uvAC intra: 75.1% 22.6% 21.9% inter: 13.3% 3.2% 3.2%
x264 [info]: i16 v,h,dc,p: 63% 37%  1%  0%
x264 [info]: i4 v,h,dc,ddl,ddr,vr,hd,vl,hu: 50% 31%  8%  2%  2%  2%  2%  2%  2%
x264 [info]: i8c dc,h,v,p: 48% 24% 28%  0%
x264 [info]: Weighted P-Frames: Y:0.0% UV:0.0%
x264 [info]: ref P L0: 95.6%  2.7%  1.0%  0.6%
x264 [info]: kb/s:585.23

                                                        encoded 120 frames, 360.95 fps, 585.45 kb/s
1.27user 0.08system 0:00.40elapsed 338%CPU (0avgtext+0avgdata 65996maxresident)k
0inputs+2872outputs (0major+10934minor)pagefaults 0swaps
